<component name="libraryTable">
  <library name="JUnit">
    <CLASSES>
      <root url="file://$PROJECT_DIR$/../000_Lib/JUnit" />
    </CLASSES>
    <JAVADOC />
    <SOURCES />
    <jarDirectory url="file://$PROJECT_DIR$/../000_Lib/JUnit" recursive="false" />
  </library>
</component>